TN:
SF:src/utils/lottieLoader.js
FN:1,(anonymous_0)
FN:2,adopt
FN:2,(anonymous_2)
FN:3,(anonymous_3)
FN:4,fulfilled
FN:5,rejected
FN:6,step
FN:10,(anonymous_7)
FN:11,(anonymous_8)
FN:12,(anonymous_9)
FN:13,verb
FN:13,(anonymous_11)
FN:14,step
FN:40,(anonymous_13)
FN:40,(anonymous_14)
FN:42,(anonymous_15)
FNF:16
FNH:14
FNDA:4,(anonymous_0)
FNDA:6,adopt
FNDA:0,(anonymous_2)
FNDA:4,(anonymous_3)
FNDA:5,fulfilled
FNDA:1,rejected
FNDA:10,step
FNDA:4,(anonymous_7)
FNDA:4,(anonymous_8)
FNDA:0,(anonymous_9)
FNDA:12,verb
FNDA:10,(anonymous_11)
FNDA:10,step
FNDA:4,(anonymous_13)
FNDA:4,(anonymous_14)
FNDA:12,(anonymous_15)
DA:1,1
DA:2,6
DA:3,4
DA:4,5
DA:5,1
DA:6,10
DA:7,4
DA:10,1
DA:11,8
DA:12,4
DA:13,12
DA:15,10
DA:16,26
DA:17,26
DA:18,26
DA:19,26
DA:20,10
DA:21,6
DA:22,0
DA:23,0
DA:25,10
DA:26,6
DA:27,6
DA:28,4
DA:29,4
DA:30,4
DA:32,12
DA:33,26
DA:34,4
DA:40,4
DA:42,4
DA:43,12
DA:45,4
DA:46,4
DA:47,4
DA:49,4
DA:50,4
DA:51,1
DA:53,2
DA:54,2
DA:56,2
DA:57,2
DA:58,2
DA:59,0
LF:44
LH:41
BRDA:1,0,0,1
BRDA:1,0,1,1
BRDA:1,0,2,4
BRDA:2,1,0,6
BRDA:2,1,1,0
BRDA:3,2,0,4
BRDA:3,2,1,4
BRDA:6,3,0,4
BRDA:6,3,1,6
BRDA:7,4,0,4
BRDA:7,4,1,4
BRDA:10,5,0,1
BRDA:10,5,1,1
BRDA:10,5,2,4
BRDA:11,6,0,1
BRDA:11,6,1,7
BRDA:11,7,0,4
BRDA:11,7,1,0
BRDA:12,8,0,4
BRDA:12,8,1,4
BRDA:15,9,0,0
BRDA:15,9,1,10
BRDA:16,10,0,10
BRDA:16,10,1,4
BRDA:16,11,0,4
BRDA:16,11,1,0
BRDA:17,12,0,0
BRDA:17,12,1,26
BRDA:17,13,0,26
BRDA:17,13,1,0
BRDA:17,13,2,0
BRDA:18,14,0,0
BRDA:18,14,1,26
BRDA:19,15,0,9
BRDA:19,15,1,10
BRDA:19,15,2,6
BRDA:19,15,3,0
BRDA:19,15,4,0
BRDA:19,15,5,10
BRDA:25,16,0,4
BRDA:25,16,1,6
BRDA:25,17,0,10
BRDA:25,17,1,4
BRDA:25,17,2,4
BRDA:25,18,0,10
BRDA:25,18,1,6
BRDA:26,19,0,0
BRDA:26,19,1,6
BRDA:26,20,0,6
BRDA:26,20,1,0
BRDA:26,20,2,0
BRDA:26,20,3,0
BRDA:27,21,0,2
BRDA:27,21,1,4
BRDA:27,22,0,6
BRDA:27,22,1,2
BRDA:28,23,0,0
BRDA:28,23,1,4
BRDA:28,24,0,4
BRDA:28,24,1,4
BRDA:29,25,0,0
BRDA:29,25,1,4
BRDA:34,26,0,0
BRDA:34,26,1,4
BRDA:34,27,0,4
BRDA:34,27,1,0
BRDA:43,28,0,4
BRDA:43,28,1,4
BRDA:43,28,2,2
BRDA:43,28,3,2
BRDA:43,28,4,0
BRDA:46,29,0,3
BRDA:46,29,1,1
BRDA:50,30,0,1
BRDA:50,30,1,3
BRF:75
BRH:56
end_of_record
